2019-10-14 15:37:04.713 [main] INFO  com.springboot.demo.DemoApplication - Starting DemoApplication on DESKTOP-I47RA22 with PID 1804 (started by 周升升 in D:\software\Intelij Idea\IdeaDemos\SpringBootDemo)
2019-10-14 15:37:04.722 [main] INFO  com.springboot.demo.DemoApplication - No active profile set, falling back to default profiles: default
2019-10-14 15:37:06.284 [main] INFO  o.s.d.r.config.RepositoryConfigurationDelegate - Multiple Spring Data modules found, entering strict repository configuration mode!
2019-10-14 15:37:06.284 [main] INFO  o.s.d.r.config.RepositoryConfigurationDelegate - Bootstrapping Spring Data repositories in DEFAULT mode.
2019-10-14 15:37:06.336 [main] INFO  o.s.d.r.config.RepositoryConfigurationDelegate - Finished Spring Data repository scanning in 27ms. Found 0 repository interfaces.
2019-10-14 15:37:06.681 [main] INFO  o.s.c.s.PostProcessorRegistrationDelegate$BeanPostProcessorChecker - Bean 'redisConfig' of type [com.springboot.demo.configuration.RedisConfig$$EnhancerBySpringCGLIB$$6d852286] is not eligible for getting processed by all BeanPostProcessors (for example: not eligible for auto-proxying)
2019-10-14 15:37:07.579 [main] INFO  o.s.boot.web.embedded.tomcat.TomcatWebServer - Tomcat initialized with port(s): 8888 (http)
2019-10-14 15:37:07.615 [main] INFO  org.apache.coyote.http11.Http11NioProtocol - Initializing ProtocolHandler ["http-nio-8888"]
2019-10-14 15:37:07.634 [main] INFO  org.apache.catalina.core.StandardService - Starting service [Tomcat]
2019-10-14 15:37:07.635 [main] INFO  org.apache.catalina.core.StandardEngine - Starting Servlet engine: [Apache Tomcat/9.0.21]
2019-10-14 15:37:07.949 [main] INFO  o.a.c.core.ContainerBase.[Tomcat].[localhost].[/] - Initializing Spring embedded WebApplicationContext
2019-10-14 15:37:07.950 [main] INFO  org.springframework.web.context.ContextLoader - Root WebApplicationContext: initialization completed in 3119 ms
2019-10-14 15:37:09.074 [main] INFO  o.s.scheduling.concurrent.ThreadPoolTaskExecutor - Initializing ExecutorService 'applicationTaskExecutor'
2019-10-14 15:37:09.623 [main] INFO  org.apache.coyote.http11.Http11NioProtocol - Starting ProtocolHandler ["http-nio-8888"]
2019-10-14 15:37:09.643 [main] INFO  o.s.boot.web.embedded.tomcat.TomcatWebServer - Tomcat started on port(s): 8888 (http) with context path ''
2019-10-14 15:37:09.645 [main] INFO  com.springboot.demo.DemoApplication - Started DemoApplication in 5.685 seconds (JVM running for 8.103)
2019-10-14 15:37:18.502 [http-nio-8888-exec-1] INFO  o.a.c.core.ContainerBase.[Tomcat].[localhost].[/] - Initializing Spring DispatcherServlet 'dispatcherServlet'
2019-10-14 15:37:18.503 [http-nio-8888-exec-1] INFO  org.springframework.web.servlet.DispatcherServlet - Initializing Servlet 'dispatcherServlet'
2019-10-14 15:37:18.521 [http-nio-8888-exec-1] INFO  org.springframework.web.servlet.DispatcherServlet - Completed initialization in 18 ms
2019-10-14 15:37:18.815 [http-nio-8888-exec-1] INFO  io.lettuce.core.EpollProvider - Starting without optional epoll library
2019-10-14 15:37:18.818 [http-nio-8888-exec-1] INFO  io.lettuce.core.KqueueProvider - Starting without optional kqueue library
2019-10-14 15:37:55.852 [main] INFO  com.springboot.demo.DemoApplication - Starting DemoApplication on DESKTOP-I47RA22 with PID 12528 (started by 周升升 in D:\software\Intelij Idea\IdeaDemos\SpringBootDemo)
2019-10-14 15:37:55.855 [main] INFO  com.springboot.demo.DemoApplication - No active profile set, falling back to default profiles: default
2019-10-14 15:37:56.764 [main] INFO  o.s.d.r.config.RepositoryConfigurationDelegate - Multiple Spring Data modules found, entering strict repository configuration mode!
2019-10-14 15:37:56.768 [main] INFO  o.s.d.r.config.RepositoryConfigurationDelegate - Bootstrapping Spring Data repositories in DEFAULT mode.
2019-10-14 15:37:56.831 [main] INFO  o.s.d.r.config.RepositoryConfigurationDelegate - Finished Spring Data repository scanning in 30ms. Found 0 repository interfaces.
2019-10-14 15:37:57.386 [main] INFO  o.s.c.s.PostProcessorRegistrationDelegate$BeanPostProcessorChecker - Bean 'redisConfig' of type [com.springboot.demo.configuration.RedisConfig$$EnhancerBySpringCGLIB$$ea0f98ff] is not eligible for getting processed by all BeanPostProcessors (for example: not eligible for auto-proxying)
2019-10-14 15:37:58.472 [main] INFO  o.s.boot.web.embedded.tomcat.TomcatWebServer - Tomcat initialized with port(s): 8888 (http)
2019-10-14 15:37:58.502 [main] INFO  org.apache.coyote.http11.Http11NioProtocol - Initializing ProtocolHandler ["http-nio-8888"]
2019-10-14 15:37:58.519 [main] INFO  org.apache.catalina.core.StandardService - Starting service [Tomcat]
2019-10-14 15:37:58.519 [main] INFO  org.apache.catalina.core.StandardEngine - Starting Servlet engine: [Apache Tomcat/9.0.21]
2019-10-14 15:37:58.743 [main] INFO  o.a.c.core.ContainerBase.[Tomcat].[localhost].[/] - Initializing Spring embedded WebApplicationContext
2019-10-14 15:37:58.743 [main] INFO  org.springframework.web.context.ContextLoader - Root WebApplicationContext: initialization completed in 2823 ms
2019-10-14 15:38:00.992 [main] INFO  o.s.scheduling.concurrent.ThreadPoolTaskExecutor - Initializing ExecutorService 'applicationTaskExecutor'
2019-10-14 15:38:02.070 [main] INFO  org.apache.coyote.http11.Http11NioProtocol - Starting ProtocolHandler ["http-nio-8888"]
2019-10-14 15:38:02.116 [main] INFO  o.s.boot.web.embedded.tomcat.TomcatWebServer - Tomcat started on port(s): 8888 (http) with context path ''
2019-10-14 15:38:02.120 [main] INFO  com.springboot.demo.DemoApplication - Started DemoApplication in 6.651 seconds (JVM running for 7.67)
2019-10-14 15:38:04.466 [http-nio-8888-exec-1] INFO  o.a.c.core.ContainerBase.[Tomcat].[localhost].[/] - Initializing Spring DispatcherServlet 'dispatcherServlet'
2019-10-14 15:38:04.466 [http-nio-8888-exec-1] INFO  org.springframework.web.servlet.DispatcherServlet - Initializing Servlet 'dispatcherServlet'
2019-10-14 15:38:04.491 [http-nio-8888-exec-1] INFO  org.springframework.web.servlet.DispatcherServlet - Completed initialization in 25 ms
2019-10-14 15:38:04.745 [http-nio-8888-exec-1] INFO  io.lettuce.core.EpollProvider - Starting without optional epoll library
2019-10-14 15:38:04.751 [http-nio-8888-exec-1] INFO  io.lettuce.core.KqueueProvider - Starting without optional kqueue library
2019-10-14 15:42:09.361 [main] INFO  com.springboot.demo.DemoApplication - Starting DemoApplication on DESKTOP-I47RA22 with PID 9192 (started by 周升升 in D:\software\Intelij Idea\IdeaDemos\SpringBootDemo)
2019-10-14 15:42:09.369 [main] INFO  com.springboot.demo.DemoApplication - No active profile set, falling back to default profiles: default
2019-10-14 15:42:10.431 [main] INFO  o.s.d.r.config.RepositoryConfigurationDelegate - Multiple Spring Data modules found, entering strict repository configuration mode!
2019-10-14 15:42:10.435 [main] INFO  o.s.d.r.config.RepositoryConfigurationDelegate - Bootstrapping Spring Data repositories in DEFAULT mode.
2019-10-14 15:42:10.495 [main] INFO  o.s.d.r.config.RepositoryConfigurationDelegate - Finished Spring Data repository scanning in 35ms. Found 0 repository interfaces.
2019-10-14 15:42:11.002 [main] INFO  o.s.c.s.PostProcessorRegistrationDelegate$BeanPostProcessorChecker - Bean 'redisConfig' of type [com.springboot.demo.configuration.RedisConfig$$EnhancerBySpringCGLIB$$2203ad09] is not eligible for getting processed by all BeanPostProcessors (for example: not eligible for auto-proxying)
2019-10-14 15:42:12.091 [main] INFO  o.s.boot.web.embedded.tomcat.TomcatWebServer - Tomcat initialized with port(s): 8888 (http)
2019-10-14 15:42:12.118 [main] INFO  org.apache.coyote.http11.Http11NioProtocol - Initializing ProtocolHandler ["http-nio-8888"]
2019-10-14 15:42:12.134 [main] INFO  org.apache.catalina.core.StandardService - Starting service [Tomcat]
2019-10-14 15:42:12.134 [main] INFO  org.apache.catalina.core.StandardEngine - Starting Servlet engine: [Apache Tomcat/9.0.21]
2019-10-14 15:42:12.346 [main] INFO  o.a.c.core.ContainerBase.[Tomcat].[localhost].[/] - Initializing Spring embedded WebApplicationContext
2019-10-14 15:42:12.346 [main] INFO  org.springframework.web.context.ContextLoader - Root WebApplicationContext: initialization completed in 2822 ms
2019-10-14 15:42:14.492 [main] INFO  o.s.scheduling.concurrent.ThreadPoolTaskExecutor - Initializing ExecutorService 'applicationTaskExecutor'
2019-10-14 15:42:15.488 [main] INFO  org.apache.coyote.http11.Http11NioProtocol - Starting ProtocolHandler ["http-nio-8888"]
2019-10-14 15:42:15.533 [main] INFO  o.s.boot.web.embedded.tomcat.TomcatWebServer - Tomcat started on port(s): 8888 (http) with context path ''
2019-10-14 15:42:15.536 [main] INFO  com.springboot.demo.DemoApplication - Started DemoApplication in 7.073 seconds (JVM running for 9.058)
2019-10-14 15:43:17.916 [http-nio-8888-exec-1] INFO  o.a.c.core.ContainerBase.[Tomcat].[localhost].[/] - Initializing Spring DispatcherServlet 'dispatcherServlet'
2019-10-14 15:43:17.917 [http-nio-8888-exec-1] INFO  org.springframework.web.servlet.DispatcherServlet - Initializing Servlet 'dispatcherServlet'
2019-10-14 15:43:17.935 [http-nio-8888-exec-1] INFO  org.springframework.web.servlet.DispatcherServlet - Completed initialization in 18 ms
2019-10-14 15:43:18.221 [http-nio-8888-exec-1] INFO  io.lettuce.core.EpollProvider - Starting without optional epoll library
2019-10-14 15:43:18.225 [http-nio-8888-exec-1] INFO  io.lettuce.core.KqueueProvider - Starting without optional kqueue library
2019-10-14 15:45:11.682 [main] INFO  com.springboot.demo.DemoApplication - Starting DemoApplication on DESKTOP-I47RA22 with PID 8688 (started by 周升升 in D:\software\Intelij Idea\IdeaDemos\SpringBootDemo)
2019-10-14 15:45:11.684 [main] INFO  com.springboot.demo.DemoApplication - No active profile set, falling back to default profiles: default
2019-10-14 15:45:12.164 [main] INFO  o.s.d.r.config.RepositoryConfigurationDelegate - Multiple Spring Data modules found, entering strict repository configuration mode!
2019-10-14 15:45:12.166 [main] INFO  o.s.d.r.config.RepositoryConfigurationDelegate - Bootstrapping Spring Data repositories in DEFAULT mode.
2019-10-14 15:45:12.191 [main] INFO  o.s.d.r.config.RepositoryConfigurationDelegate - Finished Spring Data repository scanning in 14ms. Found 0 repository interfaces.
2019-10-14 15:45:12.424 [main] INFO  o.s.c.s.PostProcessorRegistrationDelegate$BeanPostProcessorChecker - Bean 'redisConfig' of type [com.springboot.demo.configuration.RedisConfig$$EnhancerBySpringCGLIB$$514c1933] is not eligible for getting processed by all BeanPostProcessors (for example: not eligible for auto-proxying)
2019-10-14 15:45:12.960 [main] INFO  o.s.boot.web.embedded.tomcat.TomcatWebServer - Tomcat initialized with port(s): 8888 (http)
2019-10-14 15:45:12.974 [main] INFO  org.apache.coyote.http11.Http11NioProtocol - Initializing ProtocolHandler ["http-nio-8888"]
2019-10-14 15:45:12.982 [main] INFO  org.apache.catalina.core.StandardService - Starting service [Tomcat]
2019-10-14 15:45:12.982 [main] INFO  org.apache.catalina.core.StandardEngine - Starting Servlet engine: [Apache Tomcat/9.0.21]
2019-10-14 15:45:13.077 [main] INFO  o.a.c.core.ContainerBase.[Tomcat].[localhost].[/] - Initializing Spring embedded WebApplicationContext
2019-10-14 15:45:13.077 [main] INFO  org.springframework.web.context.ContextLoader - Root WebApplicationContext: initialization completed in 1325 ms
2019-10-14 15:45:14.104 [main] INFO  o.s.scheduling.concurrent.ThreadPoolTaskExecutor - Initializing ExecutorService 'applicationTaskExecutor'
2019-10-14 15:45:14.607 [main] INFO  org.apache.coyote.http11.Http11NioProtocol - Starting ProtocolHandler ["http-nio-8888"]
2019-10-14 15:45:14.627 [main] INFO  o.s.boot.web.embedded.tomcat.TomcatWebServer - Tomcat started on port(s): 8888 (http) with context path ''
2019-10-14 15:45:14.629 [main] INFO  com.springboot.demo.DemoApplication - Started DemoApplication in 3.366 seconds (JVM running for 4.366)
2019-10-14 15:45:24.297 [http-nio-8888-exec-1] INFO  o.a.c.core.ContainerBase.[Tomcat].[localhost].[/] - Initializing Spring DispatcherServlet 'dispatcherServlet'
2019-10-14 15:45:24.297 [http-nio-8888-exec-1] INFO  org.springframework.web.servlet.DispatcherServlet - Initializing Servlet 'dispatcherServlet'
2019-10-14 15:45:24.310 [http-nio-8888-exec-1] INFO  org.springframework.web.servlet.DispatcherServlet - Completed initialization in 13 ms
2019-10-14 15:45:24.431 [http-nio-8888-exec-1] INFO  io.lettuce.core.EpollProvider - Starting without optional epoll library
2019-10-14 15:45:24.432 [http-nio-8888-exec-1] INFO  io.lettuce.core.KqueueProvider - Starting without optional kqueue library
2019-10-14 15:46:14.917 [main] INFO  com.springboot.demo.DemoApplication - Starting DemoApplication on DESKTOP-I47RA22 with PID 1672 (started by 周升升 in D:\software\Intelij Idea\IdeaDemos\SpringBootDemo)
2019-10-14 15:46:14.920 [main] INFO  com.springboot.demo.DemoApplication - No active profile set, falling back to default profiles: default
2019-10-14 15:46:15.398 [main] INFO  o.s.d.r.config.RepositoryConfigurationDelegate - Multiple Spring Data modules found, entering strict repository configuration mode!
2019-10-14 15:46:15.399 [main] INFO  o.s.d.r.config.RepositoryConfigurationDelegate - Bootstrapping Spring Data repositories in DEFAULT mode.
2019-10-14 15:46:15.423 [main] INFO  o.s.d.r.config.RepositoryConfigurationDelegate - Finished Spring Data repository scanning in 14ms. Found 0 repository interfaces.
2019-10-14 15:46:15.642 [main] INFO  o.s.c.s.PostProcessorRegistrationDelegate$BeanPostProcessorChecker - Bean 'redisConfig' of type [com.springboot.demo.configuration.RedisConfig$$EnhancerBySpringCGLIB$$ab2b79d] is not eligible for getting processed by all BeanPostProcessors (for example: not eligible for auto-proxying)
2019-10-14 15:46:16.171 [main] INFO  o.s.boot.web.embedded.tomcat.TomcatWebServer - Tomcat initialized with port(s): 8888 (http)
2019-10-14 15:46:16.184 [main] INFO  org.apache.coyote.http11.Http11NioProtocol - Initializing ProtocolHandler ["http-nio-8888"]
2019-10-14 15:46:16.192 [main] INFO  org.apache.catalina.core.StandardService - Starting service [Tomcat]
2019-10-14 15:46:16.192 [main] INFO  org.apache.catalina.core.StandardEngine - Starting Servlet engine: [Apache Tomcat/9.0.21]
2019-10-14 15:46:16.277 [main] INFO  o.a.c.core.ContainerBase.[Tomcat].[localhost].[/] - Initializing Spring embedded WebApplicationContext
2019-10-14 15:46:16.278 [main] INFO  org.springframework.web.context.ContextLoader - Root WebApplicationContext: initialization completed in 1314 ms
2019-10-14 15:46:17.343 [main] INFO  o.s.scheduling.concurrent.ThreadPoolTaskExecutor - Initializing ExecutorService 'applicationTaskExecutor'
2019-10-14 15:46:17.828 [main] INFO  org.apache.coyote.http11.Http11NioProtocol - Starting ProtocolHandler ["http-nio-8888"]
2019-10-14 15:46:17.848 [main] INFO  o.s.boot.web.embedded.tomcat.TomcatWebServer - Tomcat started on port(s): 8888 (http) with context path ''
2019-10-14 15:46:17.851 [main] INFO  com.springboot.demo.DemoApplication - Started DemoApplication in 3.324 seconds (JVM running for 4.31)
2019-10-14 15:46:21.913 [http-nio-8888-exec-1] INFO  o.a.c.core.ContainerBase.[Tomcat].[localhost].[/] - Initializing Spring DispatcherServlet 'dispatcherServlet'
2019-10-14 15:46:21.914 [http-nio-8888-exec-1] INFO  org.springframework.web.servlet.DispatcherServlet - Initializing Servlet 'dispatcherServlet'
2019-10-14 15:46:21.926 [http-nio-8888-exec-1] INFO  org.springframework.web.servlet.DispatcherServlet - Completed initialization in 12 ms
2019-10-14 15:46:22.045 [http-nio-8888-exec-1] INFO  io.lettuce.core.EpollProvider - Starting without optional epoll library
2019-10-14 15:46:22.045 [http-nio-8888-exec-1] INFO  io.lettuce.core.KqueueProvider - Starting without optional kqueue library
