2019-09-29 15:20:50.081 [main] INFO  com.springboot.demo.DemoApplication - Starting DemoApplication on DESKTOP-I47RA22 with PID 1268 (started by 周升升 in D:\software\Intelij Idea\IdeaDemos\SpringBootDemo)
2019-09-29 15:20:50.083 [main] INFO  com.springboot.demo.DemoApplication - No active profile set, falling back to default profiles: default
2019-09-29 15:20:50.820 [main] INFO  o.s.boot.web.embedded.tomcat.TomcatWebServer - Tomcat initialized with port(s): 8888 (http)
2019-09-29 15:20:50.827 [main] INFO  org.apache.coyote.http11.Http11NioProtocol - Initializing ProtocolHandler ["http-nio-8888"]
2019-09-29 15:20:50.835 [main] INFO  org.apache.catalina.core.StandardService - Starting service [Tomcat]
2019-09-29 15:20:50.835 [main] INFO  org.apache.catalina.core.StandardEngine - Starting Servlet engine: [Apache Tomcat/9.0.21]
2019-09-29 15:20:50.925 [main] INFO  o.a.c.core.ContainerBase.[Tomcat].[localhost].[/] - Initializing Spring embedded WebApplicationContext
2019-09-29 15:20:50.925 [main] INFO  org.springframework.web.context.ContextLoader - Root WebApplicationContext: initialization completed in 774 ms
2019-09-29 15:20:51.115 [main] INFO  o.s.scheduling.concurrent.ThreadPoolTaskExecutor - Initializing ExecutorService 'applicationTaskExecutor'
2019-09-29 15:20:51.239 [main] INFO  org.apache.coyote.http11.Http11NioProtocol - Starting ProtocolHandler ["http-nio-8888"]
2019-09-29 15:20:51.254 [main] INFO  o.s.boot.web.embedded.tomcat.TomcatWebServer - Tomcat started on port(s): 8888 (http) with context path ''
2019-09-29 15:20:51.254 [main] INFO  com.springboot.demo.DemoApplication - Started DemoApplication in 1.6 seconds (JVM running for 2.232)
2019-09-29 15:21:10.769 [http-nio-8888-exec-1] INFO  o.a.c.core.ContainerBase.[Tomcat].[localhost].[/] - Initializing Spring DispatcherServlet 'dispatcherServlet'
2019-09-29 15:21:10.770 [http-nio-8888-exec-1] INFO  org.springframework.web.servlet.DispatcherServlet - Initializing Servlet 'dispatcherServlet'
2019-09-29 15:21:10.783 [http-nio-8888-exec-1] INFO  org.springframework.web.servlet.DispatcherServlet - Completed initialization in 13 ms
2019-09-29 15:21:10.893 [http-nio-8888-exec-1] INFO  com.springboot.demo.configuration.ControllerAspect - 调用方法2-----test
2019-09-29 15:21:10.965 [http-nio-8888-exec-1] INFO  com.springboot.demo.configuration.ControllerAspect - 返回结果-----"success"
2019-09-29 15:32:24.524 [main] INFO  com.springboot.demo.DemoApplication - Starting DemoApplication on DESKTOP-I47RA22 with PID 10616 (started by 周升升 in D:\software\Intelij Idea\IdeaDemos\SpringBootDemo)
2019-09-29 15:32:24.528 [main] INFO  com.springboot.demo.DemoApplication - No active profile set, falling back to default profiles: default
2019-09-29 15:32:25.294 [main] INFO  o.s.boot.web.embedded.tomcat.TomcatWebServer - Tomcat initialized with port(s): 8888 (http)
2019-09-29 15:32:25.303 [main] INFO  org.apache.coyote.http11.Http11NioProtocol - Initializing ProtocolHandler ["http-nio-8888"]
2019-09-29 15:32:25.310 [main] INFO  org.apache.catalina.core.StandardService - Starting service [Tomcat]
2019-09-29 15:32:25.310 [main] INFO  org.apache.catalina.core.StandardEngine - Starting Servlet engine: [Apache Tomcat/9.0.21]
2019-09-29 15:32:25.403 [main] INFO  o.a.c.core.ContainerBase.[Tomcat].[localhost].[/] - Initializing Spring embedded WebApplicationContext
2019-09-29 15:32:25.403 [main] INFO  org.springframework.web.context.ContextLoader - Root WebApplicationContext: initialization completed in 850 ms
2019-09-29 15:32:25.599 [main] INFO  o.s.scheduling.concurrent.ThreadPoolTaskExecutor - Initializing ExecutorService 'applicationTaskExecutor'
2019-09-29 15:32:25.734 [main] INFO  org.apache.coyote.http11.Http11NioProtocol - Starting ProtocolHandler ["http-nio-8888"]
2019-09-29 15:32:25.751 [main] INFO  o.s.boot.web.embedded.tomcat.TomcatWebServer - Tomcat started on port(s): 8888 (http) with context path ''
2019-09-29 15:32:25.754 [main] INFO  com.springboot.demo.DemoApplication - Started DemoApplication in 1.541 seconds (JVM running for 2.162)
2019-09-29 15:32:39.617 [main] INFO  com.springboot.demo.DemoApplication - Starting DemoApplication on DESKTOP-I47RA22 with PID 12944 (started by 周升升 in D:\software\Intelij Idea\IdeaDemos\SpringBootDemo)
2019-09-29 15:32:39.619 [main] INFO  com.springboot.demo.DemoApplication - No active profile set, falling back to default profiles: default
2019-09-29 15:32:40.367 [main] INFO  o.s.boot.web.embedded.tomcat.TomcatWebServer - Tomcat initialized with port(s): 8888 (http)
2019-09-29 15:32:40.379 [main] INFO  org.apache.coyote.http11.Http11NioProtocol - Initializing ProtocolHandler ["http-nio-8888"]
2019-09-29 15:32:40.388 [main] INFO  org.apache.catalina.core.StandardService - Starting service [Tomcat]
2019-09-29 15:32:40.388 [main] INFO  org.apache.catalina.core.StandardEngine - Starting Servlet engine: [Apache Tomcat/9.0.21]
2019-09-29 15:32:40.489 [main] INFO  o.a.c.core.ContainerBase.[Tomcat].[localhost].[/] - Initializing Spring embedded WebApplicationContext
2019-09-29 15:32:40.490 [main] INFO  org.springframework.web.context.ContextLoader - Root WebApplicationContext: initialization completed in 842 ms
2019-09-29 15:32:40.684 [main] INFO  o.s.scheduling.concurrent.ThreadPoolTaskExecutor - Initializing ExecutorService 'applicationTaskExecutor'
2019-09-29 15:32:40.815 [main] INFO  org.apache.coyote.http11.Http11NioProtocol - Starting ProtocolHandler ["http-nio-8888"]
2019-09-29 15:32:40.832 [main] INFO  o.s.boot.web.embedded.tomcat.TomcatWebServer - Tomcat started on port(s): 8888 (http) with context path ''
2019-09-29 15:32:40.832 [main] INFO  com.springboot.demo.DemoApplication - Started DemoApplication in 1.523 seconds (JVM running for 2.153)
2019-09-29 15:32:56.597 [main] INFO  com.springboot.demo.DemoApplication - Starting DemoApplication on DESKTOP-I47RA22 with PID 6516 (started by 周升升 in D:\software\Intelij Idea\IdeaDemos\SpringBootDemo)
2019-09-29 15:32:56.599 [main] INFO  com.springboot.demo.DemoApplication - No active profile set, falling back to default profiles: default
2019-09-29 15:32:57.397 [main] INFO  o.s.boot.web.embedded.tomcat.TomcatWebServer - Tomcat initialized with port(s): 8888 (http)
2019-09-29 15:32:57.412 [main] INFO  org.apache.coyote.http11.Http11NioProtocol - Initializing ProtocolHandler ["http-nio-8888"]
2019-09-29 15:32:57.420 [main] INFO  org.apache.catalina.core.StandardService - Starting service [Tomcat]
2019-09-29 15:32:57.420 [main] INFO  org.apache.catalina.core.StandardEngine - Starting Servlet engine: [Apache Tomcat/9.0.21]
2019-09-29 15:32:57.522 [main] INFO  o.a.c.core.ContainerBase.[Tomcat].[localhost].[/] - Initializing Spring embedded WebApplicationContext
2019-09-29 15:32:57.522 [main] INFO  org.springframework.web.context.ContextLoader - Root WebApplicationContext: initialization completed in 893 ms
2019-09-29 15:32:57.712 [main] INFO  o.s.scheduling.concurrent.ThreadPoolTaskExecutor - Initializing ExecutorService 'applicationTaskExecutor'
2019-09-29 15:32:57.857 [main] INFO  org.apache.coyote.http11.Http11NioProtocol - Starting ProtocolHandler ["http-nio-8888"]
2019-09-29 15:32:57.875 [main] INFO  o.s.boot.web.embedded.tomcat.TomcatWebServer - Tomcat started on port(s): 8888 (http) with context path ''
2019-09-29 15:32:57.875 [main] INFO  com.springboot.demo.DemoApplication - Started DemoApplication in 1.593 seconds (JVM running for 2.216)
